	push	1
	pop	i
L000:
	push	i
	push	8
	compLE
	jz	L001
	push	0
	pop	k
	push	1
	pop	j
L002:
	push	j
	push	i
	compLE
	jz	L003
	push	k
	push	10
	mul
	push	1
	add
	pop	k
	push	j
	push	2
	div
	push	2
	mul
	push	j
	sub
	push	0
	compEQ
	jz	L004
	push	j
	print
L004:
	push	k
	print
	push	j
	push	1
	add
	pop	j
	jmp	L002
L003:
	push	i
	push	1
	add
	pop	i
	jmp	L000
L001:
	push	i
	push	2
	div
	pop	i
L005:
	push	1
	jz	L006
	push	88
	print
	push	i
	push	1
	sub
	pop	i
	push	i
	push	1
	compEQ
	jz	L007
	push	i
	print
L007:
	jmp	L005
L006:
